<?xml version="1.0" encoding="UTF-8"?>
<!-- Generated by org.testng.reporters.JUnitXMLReporter -->
<testsuite ignored="0" hostname="SHAURYA" failures="0" tests="7" name="Test" time="2.163" errors="0" timestamp="2023-05-22T15:54:36 IST">
  <testcase classname="testngexamples.Example2" name="@BeforeTest testcase2" time="2.028">
    <failure type="org.testng.internal.thread.ThreadTimeoutException" message="Method testngexamples.Example2.testcase2() didn&amp;apos;t finish within the time-out 2000">
      <![CDATA[org.testng.internal.thread.ThreadTimeoutException: Method testngexamples.Example2.testcase2() didn't finish within the time-out 2000
... Removed 22 stack frames]]>
    </failure>
  </testcase> <!-- @BeforeTest testcase2 -->
  <testcase classname="testngexamples.Example2" name="@AfterTest testcase4" time="-1.684751075987E9">
    <skipped/>
  </testcase> <!-- @AfterTest testcase4 -->
  <testcase classname="testngexamples.Example2" name="testcase1" time="0.0">
    <skipped/>
  </testcase> <!-- testcase1 -->
  <testcase classname="testngexamples.Example2" name="testcase1" time="0.0">
    <skipped/>
  </testcase> <!-- testcase1 -->
  <testcase classname="testngexamples.Example2" name="testcase1" time="0.0">
    <skipped/>
  </testcase> <!-- testcase1 -->
  <testcase classname="testngexamples.Example2" name="testcase3" time="0.0">
    <skipped/>
  </testcase> <!-- testcase3 -->
  <testcase classname="testngexamples.Example3" name="testcase1" time="0.0">
    <skipped/>
  </testcase> <!-- testcase1 -->
  <testcase classname="testngexamples.Example3" name="testcase2" time="0.0">
    <skipped/>
  </testcase> <!-- testcase2 -->
  <testcase classname="testngexamples.Example" name="tc1" time="0.0">
    <skipped/>
  </testcase> <!-- tc1 -->
</testsuite> <!-- Test -->
